<?xml version="1.0" encoding="UTF-8"?>
<!-- Generated by org.testng.reporters.JUnitXMLReporter -->
<testsuite ignored="0" hostname="CSKVW" failures="0" tests="4" name="Test" time="1.201" errors="0" timestamp="2022-03-23T17:59:41 IST">
  <testcase classname="Base.BaseClass" name="@BeforeMethod preCondition" time="-1.648038581042E9">
    <failure type="org.testng.TestNGException" message="
Parameter &amp;apos;browser&amp;apos; is required by BeforeMethod on method preCondition but has not been marked @Optional or defined
in C:\Users\CskVw\Desktop\Testleaf-20220113T065219Z-001\Testleaf\testng2.xml">
      <![CDATA[org.testng.TestNGException: 
Parameter 'browser' is required by BeforeMethod on method preCondition but has not been marked @Optional or defined
in C:\Users\CskVw\Desktop\Testleaf-20220113T065219Z-001\Testleaf\testng2.xml
at java.base/java.util.ArrayList.forEach(ArrayList.java:1511)
... Removed 28 stack frames]]>
    </failure>
  </testcase> <!-- @BeforeMethod preCondition -->
  <testcase classname="Base.BaseClass" name="@AfterMethod postCondition" time="-1.648038581067E9">
    <skipped/>
  </testcase> <!-- @AfterMethod postCondition -->
  <testcase classname="Base.BaseClass" name="@BeforeMethod preCondition" time="-1.648038581069E9">
    <skipped/>
  </testcase> <!-- @BeforeMethod preCondition -->
  <testcase classname="Base.BaseClass" name="@AfterMethod postCondition" time="-1.648038581071E9">
    <skipped/>
  </testcase> <!-- @AfterMethod postCondition -->
  <testcase classname="Base.BaseClass" name="@BeforeMethod preCondition" time="-1.648038581143E9">
    <failure type="org.testng.TestNGException" message="
Parameter &amp;apos;browser&amp;apos; is required by BeforeMethod on method preCondition but has not been marked @Optional or defined
in C:\Users\CskVw\Desktop\Testleaf-20220113T065219Z-001\Testleaf\testng2.xml">
      <![CDATA[org.testng.TestNGException: 
Parameter 'browser' is required by BeforeMethod on method preCondition but has not been marked @Optional or defined
in C:\Users\CskVw\Desktop\Testleaf-20220113T065219Z-001\Testleaf\testng2.xml
at java.base/java.util.ArrayList.forEach(ArrayList.java:1511)
... Removed 28 stack frames]]>
    </failure>
  </testcase> <!-- @BeforeMethod preCondition -->
  <testcase classname="Base.BaseClass" name="@AfterMethod postCondition" time="-1.648038581148E9">
    <skipped/>
  </testcase> <!-- @AfterMethod postCondition -->
  <testcase classname="Base.BaseClass" name="@BeforeMethod preCondition" time="-1.648038581148E9">
    <skipped/>
  </testcase> <!-- @BeforeMethod preCondition -->
  <testcase classname="Base.BaseClass" name="@AfterMethod postCondition" time="-1.648038581152E9">
    <skipped/>
  </testcase> <!-- @AfterMethod postCondition -->
  <testcase classname="TestCases.T002_CreateLead" name="runVerfiyLogin" time="0.0">
    <skipped/>
  </testcase> <!-- runVerfiyLogin -->
  <testcase classname="TestCases.T002_CreateLead" name="runVerfiyLogin" time="0.0">
    <skipped/>
  </testcase> <!-- runVerfiyLogin -->
  <testcase classname="TestCases.T001_VerfiyLoginPage" name="runVerfiyLogin" time="0.0">
    <skipped/>
  </testcase> <!-- runVerfiyLogin -->
  <testcase classname="TestCases.T001_VerfiyLoginPage" name="runVerfiyLogin" time="0.0">
    <skipped/>
  </testcase> <!-- runVerfiyLogin -->
</testsuite> <!-- Test -->
